higgs.py:207: RuntimeWarning: divide by zero encountered in double_scalars
  +  A0_pr*np.exp(-(t-t_delay)**2/(2*tau_pr**2))*np.cos(w_pr*(t-t_delay))
higgs.py:207: RuntimeWarning: divide by zero encountered in true_divide
  +  A0_pr*np.exp(-(t-t_delay)**2/(2*tau_pr**2))*np.cos(w_pr*(t-t_delay))
slurmstepd: error: Exceeded step memory limit at some point.
slurmstepd: error: Job 278815 exceeded memory limit (14636232 > 14336000), being killed
slurmstepd: error: Exceeded job memory limit
slurmstepd: error: *** JOB 278815 ON node03 CANCELLED AT 2020-06-12T00:12:23 ***
slurmstepd: error: Exceeded step memory limit at some point.
slurmstepd: error: Job 278813 exceeded memory limit (14467652 > 14336000), being killed
slurmstepd: error: Job 278814 exceeded memory limit (14347924 > 14336000), being killed
slurmstepd: error: *** JOB 278813 ON node47 CANCELLED AT 2020-06-12T00:13:22 ***
slurmstepd: error: Exceeded step memory limit at some point.
slurmstepd: error: Exceeded job memory limit
slurmstepd: error: *** JOB 278814 ON node47 CANCELLED AT 2020-06-12T00:13:22 ***
slurmstepd: error: Exceeded job memory limit
slurmstepd: error: Exceeded step memory limit at some point.
slurmstepd: error: Exceeded step memory limit at some point.
slurmstepd: error: Exceeded step memory limit at some point.
slurmstepd: error: Job 278835 exceeded memory limit (14621192 > 14336000), being killed
slurmstepd: error: Exceeded job memory limit
slurmstepd: error: *** JOB 278835 ON node17 CANCELLED AT 2020-06-12T00:18:22 ***
slurmstepd: error: Exceeded step memory limit at some point.
slurmstepd: error: Exceeded step memory limit at some point.
slurmstepd: error: Job 278869 exceeded memory limit (14383056 > 14336000), being killed
slurmstepd: error: Exceeded job memory limit
slurmstepd: error: *** JOB 278869 ON node20 CANCELLED AT 2020-06-12T00:18:52 ***
slurmstepd: error: Exceeded step memory limit at some point.
slurmstepd: error: Exceeded step memory limit at some point.
slurmstepd: error: Job 278866 exceeded memory limit (14477060 > 14336000), being killed
slurmstepd: error: Job 278867 exceeded memory limit (14742700 > 14336000), being killed
slurmstepd: error: Job 278868 exceeded memory limit (14516676 > 14336000), being killed
slurmstepd: error: Exceeded job memory limit
slurmstepd: error: *** JOB 278867 ON node20 CANCELLED AT 2020-06-12T00:19:22 ***
slurmstepd: error: *** JOB 278866 ON node20 CANCELLED AT 2020-06-12T00:19:22 ***
slurmstepd: error: Exceeded step memory limit at some point.
slurmstepd: error: Exceeded step memory limit at some point.
slurmstepd: error: *** JOB 278868 ON node20 CANCELLED AT 2020-06-12T00:19:22 ***
slurmstepd: error: Exceeded step memory limit at some point.
slurmstepd: error: Exceeded job memory limit
slurmstepd: error: Job 278870 exceeded memory limit (14502420 > 14336000), being killed
slurmstepd: error: Exceeded job memory limit
slurmstepd: error: *** JOB 278870 ON node20 CANCELLED AT 2020-06-12T00:19:22 ***
slurmstepd: error: Exceeded step memory limit at some point.
slurmstepd: error: Job 278811 exceeded memory limit (14801496 > 14336000), being killed
slurmstepd: error: Exceeded job memory limit
slurmstepd: error: *** JOB 278811 ON node20 CANCELLED AT 2020-06-12T00:19:52 ***
slurmstepd: error: Exceeded step memory limit at some point.
